Removed Pin From Net: NetName=GND Pin=U1-2
Removed Pin From Net: NetName=NetC2_2 Pin=U1-4
Removed Pin From Net: NetName=V+ Pin=U1-5
Removed Pin From Net: NetName=NetC3_2 Pin=U2-1
Removed Pin From Net: NetName=GND Pin=U2-2
Removed Pin From Net: NetName=NetC3_2 Pin=U2-3
Removed Pin From Net: NetName=V+ Pin=U2-5
Removed Member From Class: ClassName=Tone Stack Member=U3
Change Component DesignItemId : Designator=U1 Old DesignItemId=OPA191 New DesignItemId=OPA2170DGK
Change Component Footprint: Designator=U1 Old Footprint=SOT23-5 New Footprint=VSSOP-DGK
Change Component Comment : Designator=U1 Old Comment=OPA191 New Comment=OPA2170DGK
Change Component Designator: OldDesignator=U3 NewDesignator=U2
Added Pin To Net: NetName=NetC2_2 Pin=U1-2
Added Pin To Net: NetName=GND Pin=U1-4
Added Pin To Net: NetName=NetC3_2 Pin=U1-5
Added Pin To Net: NetName=NetC3_2 Pin=U1-7
Added Pin To Net: NetName=V+ Pin=U1-8
Added Pin To Net: NetName=NetU1_6 Pin=U1-6
Added Pin To Net: NetName=NetU1_6 Pin=VR1-8
Added Net: Name=NetU1_6
