Removed Pin From Net: NetName=NetC1_1 Pin=C1-1
Change Component DesignItemId : Designator=C3 Old DesignItemId=CAP 1.2nF 0805 New DesignItemId=CAP CER 2200pF 0603
Change Component DesignItemId : Designator=C4 Old DesignItemId=CAP 1uF 0805 New DesignItemId=CAP CER 0.1uF 0603
Change Component DesignItemId : Designator=C1 Old DesignItemId=CAP 1uF 0805 New DesignItemId=CAP CER 1uF 0603
Change Component DesignItemId : Designator=C2 Old DesignItemId=CAP 15nF 0805 New DesignItemId=CAP CER 4700pF 0603
Change Component DesignItemId : Designator=C5 Old DesignItemId=CAP 0805 New DesignItemId=CAP CER 0.1uF 0603
Change Component DesignItemId : Designator=R3 Old DesignItemId=RES 10K 0805 New DesignItemId=RES 4.99K 0603
Change Component DesignItemId : Designator=R6 Old DesignItemId=RES 10K 0805 New DesignItemId=RES 4.99K 0603
Change Component DesignItemId : Designator=R10 Old DesignItemId=RES 10K 0805 New DesignItemId=RES 10K 0603
Change Component DesignItemId : Designator=R2 Old DesignItemId=RES 22K 0805 New DesignItemId=RES 20K 0603
Change Component DesignItemId : Designator=R5 Old DesignItemId=RES 22K 0805 New DesignItemId=RES 20K 0603
Change Component DesignItemId : Designator=R7 Old DesignItemId=RES 22K 0805 New DesignItemId=RES 20K 0603
Change Component DesignItemId : Designator=R8 Old DesignItemId=RES 22K 0805 New DesignItemId=RES 20K 0603
Change Component DesignItemId : Designator=R1 Old DesignItemId=RES 22K 0805 New DesignItemId=RES 47K 0603
Change Component DesignItemId : Designator=R4 Old DesignItemId=RES 30K 0805 New DesignItemId=RES 20K 0603
Change Component DesignItemId : Designator=R9 Old DesignItemId=RES 47K 0805 New DesignItemId=RES 47K 0603
Change Component Footprint: Designator=C1 Old Footprint=CAPC2012X09N New Footprint=CAPC1608X09N
Change Component Footprint: Designator=C2 Old Footprint=CAPC2012X09N New Footprint=CAPC1608X09N
Change Component Footprint: Designator=C3 Old Footprint=CAPC2012X09N New Footprint=CAPC1608X09N
Change Component Footprint: Designator=C4 Old Footprint=CAPC2012X09N New Footprint=CAPC1608X09N
Change Component Footprint: Designator=C5 Old Footprint=CAPC2012X09N New Footprint=CAPC1608X09N
Change Component Footprint: Designator=R1 Old Footprint=RESC2012X06N New Footprint=RESC1608X06N
Change Component Footprint: Designator=R2 Old Footprint=RESC2012X06N New Footprint=RESC1608X06N
Change Component Footprint: Designator=R3 Old Footprint=RESC2012X06N New Footprint=RESC1608X06N
Change Component Footprint: Designator=R4 Old Footprint=RESC2012X06N New Footprint=RESC1608X06N
Change Component Footprint: Designator=R5 Old Footprint=RESC2012X06N New Footprint=RESC1608X06N
Change Component Footprint: Designator=R6 Old Footprint=RESC2012X06N New Footprint=RESC1608X06N
Change Component Footprint: Designator=R7 Old Footprint=RESC2012X06N New Footprint=RESC1608X06N
Change Component Footprint: Designator=R8 Old Footprint=RESC2012X06N New Footprint=RESC1608X06N
Change Component Footprint: Designator=R9 Old Footprint=RESC2012X06N New Footprint=RESC1608X06N
Change Component Footprint: Designator=R10 Old Footprint=RESC2012X06N New Footprint=RESC1608X06N
Change Component Comment : Designator=C3 Old Comment=1.2nF New Comment=2200pF
Change Component Comment : Designator=C4 Old Comment=1uF New Comment=0.1uF
Change Component Comment : Designator=R3 Old Comment=10K New Comment=4.99K
Change Component Comment : Designator=R6 Old Comment=10K New Comment=4.99K
Change Component Comment : Designator=C2 Old Comment=15nF New Comment=4700pF
Change Component Comment : Designator=R2 Old Comment=22K New Comment=20K
Change Component Comment : Designator=R5 Old Comment=22K New Comment=20K
Change Component Comment : Designator=R7 Old Comment=22K New Comment=20K
Change Component Comment : Designator=R8 Old Comment=22K New Comment=20K
Change Component Comment : Designator=R1 Old Comment=22K New Comment=47K
Change Component Comment : Designator=R4 Old Comment=30K New Comment=20K
Change Component Comment : Designator=C5 Old Comment=100nF New Comment=0.1uF
Added Component: Designator=C6(CAPC1608X09N)
Added Pin To Net: NetName=NetC1_1 Pin=C1-2
Added Pin To Net: NetName=GND Pin=C4-1
Added Pin To Net: NetName=V+ Pin=C4-2
Change Net Name : Old Net Name=NetC1_1 New Net Name=NetC1_2
Added Pin To Net: NetName=NetC1_1 Pin=C1-1
Added Pin To Net: NetName=NetC1_1 Pin=J1-1
Added Net: Name=NetC1_1
Added Pin To Net: NetName=NetC6_1 Pin=C6-1
Added Pin To Net: NetName=NetC6_1 Pin=U1-6
Added Pin To Net: NetName=NetC6_1 Pin=U1-7
Added Net: Name=NetC6_1
Added Pin To Net: NetName=NetC6_2 Pin=C6-2
Added Pin To Net: NetName=NetC6_2 Pin=R9-2
Added Pin To Net: NetName=NetC6_2 Pin=R10-1
Added Net: Name=NetC6_2
Added Pin To Net: NetName=NetU1_5 Pin=U1-5
Added Pin To Net: NetName=NetU1_5 Pin=VR2-1
Added Net: Name=NetU1_5
Added Member To Class: ClassName=Tone Stack Member=Component C6 1uF
Added Room: Name=Tone Stack
