Removed Pin From Net: NetName=NetC2_2 Pin=U1-2
Removed Pin From Net: NetName=GND Pin=U1-4
Removed Pin From Net: NetName=NetC3_2 Pin=U1-6
Removed Pin From Net: NetName=NetC3_2 Pin=U1-7
Removed Pin From Net: NetName=V+ Pin=U1-8
Removed Pin From Net: NetName=VREF Pin=U2-1
Removed Pin From Net: NetName=NetR6_1 Pin=U2-3
Removed Pin From Net: NetName=VREF Pin=U2-4
Removed Pin From Net: NetName=NetR4_2 Pin=VR2-2
Removed Pin From Net: NetName=VREF Pin=VR2-3
Removed Member From Class: ClassName=Tone Stack Member=VR2
Change Component DesignItemId : Designator=U1 Old DesignItemId=OPA2191 New DesignItemId=OPA191
Change Component DesignItemId : Designator=VR1 Old DesignItemId=Pot - Dual Gang New DesignItemId=Pot Input Connectors
Change Component Footprint: Designator=VR1 Old Footprint=Dual Gang Pot PC Pin New Footprint=Conn 9 Pin 2.54mm Pitch
Change Component Footprint: Designator=U1 Old Footprint=SOIC127P600X175-8N New Footprint=SOT23-5
Change Component Comment : Designator=VR1 Old Comment=100k New Comment=Pot Input Connectors
Change Component Comment : Designator=U1 Old Comment=OPA2191 New Comment=OPA191
Added Component: Designator=U3(SOT23-5)
Added Pin To Net: NetName=GND Pin=U1-2
Added Pin To Net: NetName=NetC2_2 Pin=U1-4
Added Pin To Net: NetName=V+ Pin=U1-5
Added Pin To Net: NetName=NetC3_2 Pin=U2-1
Added Pin To Net: NetName=NetC3_2 Pin=U2-3
Added Pin To Net: NetName=VREF Pin=U2-1
Added Pin To Net: NetName=GND Pin=U2-2
Added Pin To Net: NetName=NetR6_1 Pin=U2-3
Added Pin To Net: NetName=VREF Pin=U2-4
Added Pin To Net: NetName=V+ Pin=U2-5
Added Pin To Net: NetName=NetR4_2 Pin=VR1-7
Added Pin To Net: NetName=VREF Pin=VR1-9
Added Pin To Net: NetName=NetU2_4 Pin=U2-4
Added Pin To Net: NetName=NetU2_4 Pin=VR1-8
Added Net: Name=NetU2_4
Added Member To Class: ClassName=Tone Stack Member=Component U3 OPA191
