Replace Part C1 CAP 15nF 0805 in D:\GitHub\GuitarPreamp\Tone Stack\Tone Stack\Tone Stack.SchDoc with CAP 15nF 0805 from GuitarLibrary.SchLib
Replace Part C2 CAP 1.2nF 0805 in D:\GitHub\GuitarPreamp\Tone Stack\Tone Stack\Tone Stack.SchDoc with CAP 1.2nF 0805 from GuitarLibrary.SchLib
Replace Part C3 CAP 1uF 0805 in D:\GitHub\GuitarPreamp\Tone Stack\Tone Stack\Tone Stack.SchDoc with CAP 1uF 0805 from GuitarLibrary.SchLib
Replace Part J1 Tone Stack Connectors in D:\GitHub\GuitarPreamp\Tone Stack\Tone Stack\Tone Stack.SchDoc with Tone Stack Connectors from GuitarLibrary.SchLib
Replace Part J2 Tone Stack Output Conn in D:\GitHub\GuitarPreamp\Tone Stack\Tone Stack\Tone Stack.SchDoc with Tone Stack Output Conn from GuitarLibrary.SchLib
Replace Part R1 RES 22K 0805 in D:\GitHub\GuitarPreamp\Tone Stack\Tone Stack\Tone Stack.SchDoc with RES 22K 0805 from GuitarLibrary.SchLib
Replace Part R2 RES 10K 0805 in D:\GitHub\GuitarPreamp\Tone Stack\Tone Stack\Tone Stack.SchDoc with RES 10K 0805 from GuitarLibrary.SchLib
Replace Part R3 RES 30K 0805 in D:\GitHub\GuitarPreamp\Tone Stack\Tone Stack\Tone Stack.SchDoc with RES 30K 0805 from GuitarLibrary.SchLib
Replace Part R4 RES 22K 0805 in D:\GitHub\GuitarPreamp\Tone Stack\Tone Stack\Tone Stack.SchDoc with RES 22K 0805 from GuitarLibrary.SchLib
Replace Part R5 RES 10K 0805 in D:\GitHub\GuitarPreamp\Tone Stack\Tone Stack\Tone Stack.SchDoc with RES 10K 0805 from GuitarLibrary.SchLib
Replace Part R6 RES 22K 0805 in D:\GitHub\GuitarPreamp\Tone Stack\Tone Stack\Tone Stack.SchDoc with RES 22K 0805 from GuitarLibrary.SchLib
Replace Part R7 RES 22K 0805 in D:\GitHub\GuitarPreamp\Tone Stack\Tone Stack\Tone Stack.SchDoc with RES 22K 0805 from GuitarLibrary.SchLib
Replace Part R8 RES 47K 0805 in D:\GitHub\GuitarPreamp\Tone Stack\Tone Stack\Tone Stack.SchDoc with RES 47K 0805 from GuitarLibrary.SchLib
Replace Part R9 RES 10K 0805 in D:\GitHub\GuitarPreamp\Tone Stack\Tone Stack\Tone Stack.SchDoc with RES 10K 0805 from GuitarLibrary.SchLib
Replace Part U1 OPA2170DGK in D:\GitHub\GuitarPreamp\Tone Stack\Tone Stack\Tone Stack.SchDoc with OPA2170DGK from GuitarLibrary.SchLib
Replace Part U1 OPA2170DGK in D:\GitHub\GuitarPreamp\Tone Stack\Tone Stack\Tone Stack.SchDoc with OPA2170DGK from GuitarLibrary.SchLib
Replace Part U2 OPA191 in D:\GitHub\GuitarPreamp\Tone Stack\Tone Stack\Tone Stack.SchDoc with OPA191 from GuitarLibrary.SchLib
Replace Part VR1 Pot - Dual Gang in D:\GitHub\GuitarPreamp\Tone Stack\Tone Stack\Tone Stack.SchDoc with Pot - Dual Gang from GuitarLibrary.SchLib
Replace Part VR1 Pot - Dual Gang in D:\GitHub\GuitarPreamp\Tone Stack\Tone Stack\Tone Stack.SchDoc with Pot - Dual Gang from GuitarLibrary.SchLib
Replace Part VR2 Pot - Single Gang in D:\GitHub\GuitarPreamp\Tone Stack\Tone Stack\Tone Stack.SchDoc with Pot - Single Gang from GuitarLibrary.SchLib
