Added Component: Designator=C1(CAPC2012X09N)
Added Component: Designator=C2(CAPC2012X09N)
Added Component: Designator=C3(CAPC2012X09N)
Added Component: Designator=J2(Conn 3 Pin 2.54mm Pitch)
Added Component: Designator=R1(RESC2012X06N)
Added Component: Designator=R2(RESC2012X06N)
Added Component: Designator=R3(RESC2012X06N)
Added Component: Designator=R4(RESC2012X06N)
Added Component: Designator=R5(RESC2012X06N)
Added Component: Designator=R6(RESC2012X06N)
Added Component: Designator=R7(RESC2012X06N)
Added Component: Designator=R8(RESC2012X06N)
Added Component: Designator=R9(RESC2012X06N)
Added Component: Designator=U1(SOT23-5)
Added Component: Designator=U2(SOT23-5)
Added Component: Designator=U3(SOT23-5)
Added Component: Designator=VR1(Conn 9 Pin 2.54mm Pitch)
Added Pin To Net: NetName=NetC1_1 Pin=C1-1
Added Pin To Net: NetName=NetC1_2 Pin=C1-2
Added Pin To Net: NetName=NetC2_1 Pin=C2-1
Added Pin To Net: NetName=NetC2_2 Pin=C2-2
Added Pin To Net: NetName=NetC3_1 Pin=C3-1
Added Pin To Net: NetName=NetC3_2 Pin=C3-2
Added Pin To Net: NetName=GND Pin=J2-1
Added Pin To Net: NetName=V+ Pin=J2-2
Added Pin To Net: NetName=NetJ2_3 Pin=J2-3
Added Pin To Net: NetName=NetR1_1 Pin=R1-1
Added Pin To Net: NetName=NetC1_1 Pin=R1-2
Added Pin To Net: NetName=NetR1_1 Pin=R2-1
Added Pin To Net: NetName=NetC2_2 Pin=R3-1
Added Pin To Net: NetName=NetR3_2 Pin=R3-2
Added Pin To Net: NetName=NetC1_2 Pin=R4-1
Added Pin To Net: NetName=NetR4_2 Pin=R4-2
Added Pin To Net: NetName=NetR4_2 Pin=R5-2
Added Pin To Net: NetName=NetR6_1 Pin=R6-1
Added Pin To Net: NetName=V+ Pin=R6-2
Added Pin To Net: NetName=GND Pin=R7-1
Added Pin To Net: NetName=NetR6_1 Pin=R7-2
Added Pin To Net: NetName=GND Pin=R8-1
Added Pin To Net: NetName=NetC3_1 Pin=R8-2
Added Pin To Net: NetName=NetC3_1 Pin=R9-1
Added Pin To Net: NetName=TONESTACK_OUT Pin=R9-2
Added Pin To Net: NetName=NetR4_2 Pin=U1-1
Added Pin To Net: NetName=GND Pin=U1-2
Added Pin To Net: NetName=VREF Pin=U1-3
Added Pin To Net: NetName=NetC2_2 Pin=U1-4
Added Pin To Net: NetName=V+ Pin=U1-5
Added Pin To Net: NetName=NetC3_2 Pin=U2-1
Added Pin To Net: NetName=GND Pin=U2-2
Added Pin To Net: NetName=NetC3_2 Pin=U2-3
Added Pin To Net: NetName=NetU2_4 Pin=U2-4
Added Pin To Net: NetName=V+ Pin=U2-5
Added Pin To Net: NetName=VREF Pin=U3-1
Added Pin To Net: NetName=GND Pin=U3-2
Added Pin To Net: NetName=NetR6_1 Pin=U3-3
Added Pin To Net: NetName=VREF Pin=U3-4
Added Pin To Net: NetName=V+ Pin=U3-5
Added Pin To Net: NetName=NetC1_2 Pin=VR1-1
Added Pin To Net: NetName=NetR3_2 Pin=VR1-2
Added Pin To Net: NetName=NetC1_1 Pin=VR1-3
Added Pin To Net: NetName=NetC2_1 Pin=VR1-5
Added Pin To Net: NetName=NetR4_2 Pin=VR1-7
Added Pin To Net: NetName=NetU2_4 Pin=VR1-8
Added Pin To Net: NetName=VREF Pin=VR1-9
Added Pin To Net: NetName=NetR2_2 Pin=R2-2
Added Pin To Net: NetName=NetR2_2 Pin=VR1-4
Added Net: Name=NetR2_2
Added Pin To Net: NetName=NetR5_1 Pin=R5-1
Added Pin To Net: NetName=NetR5_1 Pin=VR1-6
Added Net: Name=NetR5_1
Added Member To Class: ClassName=Tone Stack Member=Component C1 15nF
Added Member To Class: ClassName=Tone Stack Member=Component C2 1.2nF
Added Member To Class: ClassName=Tone Stack Member=Component C3 1uF
Added Member To Class: ClassName=Tone Stack Member=Component J2 Tone Stack Output Conn
Added Member To Class: ClassName=Tone Stack Member=Component R1 22K
Added Member To Class: ClassName=Tone Stack Member=Component R2 10K
Added Member To Class: ClassName=Tone Stack Member=Component R3 30K
Added Member To Class: ClassName=Tone Stack Member=Component R4 22K
Added Member To Class: ClassName=Tone Stack Member=Component R5 10K
Added Member To Class: ClassName=Tone Stack Member=Component R6 22K
Added Member To Class: ClassName=Tone Stack Member=Component R7 22K
Added Member To Class: ClassName=Tone Stack Member=Component R8 47K
Added Member To Class: ClassName=Tone Stack Member=Component R9 10K
Added Member To Class: ClassName=Tone Stack Member=Component U1 OPA191
Added Member To Class: ClassName=Tone Stack Member=Component U2 OPA191
Added Member To Class: ClassName=Tone Stack Member=Component U3 OPA191
Added Member To Class: ClassName=Tone Stack Member=Component VR1 Pot Input Connectors
Added Room: Name=Tone Stack
