Replace Part C1 CAP CER 1uF 0603 in D:\GuitarPreamp\Tone Stack\Tone Stack\Tone Stack.SchDoc with CAP CER 1uF 0603 from GuitarLibrary.SchLib
Replace Part C2 CAP CER 4700pF 0603 in D:\GuitarPreamp\Tone Stack\Tone Stack\Tone Stack.SchDoc with CAP CER 4700pF 0603 from GuitarLibrary.SchLib
Replace Part C3 CAP CER 2200pF 0603 in D:\GuitarPreamp\Tone Stack\Tone Stack\Tone Stack.SchDoc with CAP CER 2200pF 0603 from GuitarLibrary.SchLib
Replace Part C4 CAP CER 0.1uF 0603 in D:\GuitarPreamp\Tone Stack\Tone Stack\Tone Stack.SchDoc with CAP CER 0.1uF 0603 from GuitarLibrary.SchLib
Replace Part C5 CAP CER 0.1uF 0603 in D:\GuitarPreamp\Tone Stack\Tone Stack\Tone Stack.SchDoc with CAP CER 0.1uF 0603 from GuitarLibrary.SchLib
Replace Part C6 CAP CER 1uF 0603 in D:\GuitarPreamp\Tone Stack\Tone Stack\Tone Stack.SchDoc with CAP CER 1uF 0603 from GuitarLibrary.SchLib
Replace Part C7 CAP CER 1uF 0603 in D:\GuitarPreamp\Tone Stack\Tone Stack\Tone Stack.SchDoc with CAP CER 1uF 0603 from GuitarLibrary.SchLib
Replace Part J1 Tone Stack Connectors in D:\GuitarPreamp\Tone Stack\Tone Stack\Tone Stack.SchDoc with Tone Stack Connectors from GuitarLibrary.SchLib
Replace Part J2 Tone Stack Output Conn in D:\GuitarPreamp\Tone Stack\Tone Stack\Tone Stack.SchDoc with Tone Stack Output Conn from GuitarLibrary.SchLib
Replace Part Q1 MOSFET_P_CH_20V_6A_SOT23-3 in D:\GuitarPreamp\Tone Stack\Tone Stack\Tone Stack.SchDoc with MOSFET_P_CH_20V_6A_SOT23-3 from GuitarLibrary.SchLib
Replace Part R1 RES 47K 0603 in D:\GuitarPreamp\Tone Stack\Tone Stack\Tone Stack.SchDoc with RES 47K 0603 from GuitarLibrary.SchLib
Replace Part R2 RES 20K 0603 in D:\GuitarPreamp\Tone Stack\Tone Stack\Tone Stack.SchDoc with RES 20K 0603 from GuitarLibrary.SchLib
Replace Part R3 RES 4.99K 0603 in D:\GuitarPreamp\Tone Stack\Tone Stack\Tone Stack.SchDoc with RES 4.99K 0603 from GuitarLibrary.SchLib
Replace Part R4 RES 20K 0603 in D:\GuitarPreamp\Tone Stack\Tone Stack\Tone Stack.SchDoc with RES 20K 0603 from GuitarLibrary.SchLib
Replace Part R5 RES 20K 0603 in D:\GuitarPreamp\Tone Stack\Tone Stack\Tone Stack.SchDoc with RES 20K 0603 from GuitarLibrary.SchLib
Replace Part R6 RES 4.99K 0603 in D:\GuitarPreamp\Tone Stack\Tone Stack\Tone Stack.SchDoc with RES 4.99K 0603 from GuitarLibrary.SchLib
Replace Part R7 RES 20K 0603 in D:\GuitarPreamp\Tone Stack\Tone Stack\Tone Stack.SchDoc with RES 20K 0603 from GuitarLibrary.SchLib
Replace Part R8 RES 20K 0603 in D:\GuitarPreamp\Tone Stack\Tone Stack\Tone Stack.SchDoc with RES 20K 0603 from GuitarLibrary.SchLib
Replace Part R9 RES 47K 0603 in D:\GuitarPreamp\Tone Stack\Tone Stack\Tone Stack.SchDoc with RES 47K 0603 from GuitarLibrary.SchLib
Replace Part R10 RES 10K 0603 in D:\GuitarPreamp\Tone Stack\Tone Stack\Tone Stack.SchDoc with RES 10K 0603 from GuitarLibrary.SchLib
Replace Part U1 OPA2170AIDR in D:\GuitarPreamp\Tone Stack\Tone Stack\Tone Stack.SchDoc with OPA2170AIDR from GuitarLibrary.SchLib
Replace Part U1 OPA2170AIDR in D:\GuitarPreamp\Tone Stack\Tone Stack\Tone Stack.SchDoc with OPA2170AIDR from GuitarLibrary.SchLib
Replace Part U2 OPA191 in D:\GuitarPreamp\Tone Stack\Tone Stack\Tone Stack.SchDoc with OPA191 from GuitarLibrary.SchLib
Replace Part VR1 Pot - Dual Gang in D:\GuitarPreamp\Tone Stack\Tone Stack\Tone Stack.SchDoc with Pot - Dual Gang from GuitarLibrary.SchLib
Replace Part VR1 Pot - Dual Gang in D:\GuitarPreamp\Tone Stack\Tone Stack\Tone Stack.SchDoc with Pot - Dual Gang from GuitarLibrary.SchLib
Replace Part VR2 Pot - Single Gang in D:\GuitarPreamp\Tone Stack\Tone Stack\Tone Stack.SchDoc with Pot - Single Gang from GuitarLibrary.SchLib
