Added Component: Designator=C1(CAPC2012X09N)
Added Component: Designator=C2(CAPC2012X09N)
Added Component: Designator=C3(CAPC2012X09N)
Added Component: Designator=C4(CAPC2012X09N)
Added Component: Designator=D1(SOT95P230X110-3N)
Added Component: Designator=J1(Conn 4 Pin 2.54mm Pitch)
Added Component: Designator=J2(Conn 4 Pin 2.54mm Pitch)
Added Component: Designator=LM4250(SOIC127P600X175-8N)
Added Component: Designator=R1(RESC2012X06N)
Added Component: Designator=R2(RESC2012X06N)
Added Component: Designator=R3(RESC2012X06N)
Added Component: Designator=R4(RESC2012X06N)
Added Component: Designator=R5(RESC2012X06N)
Added Component: Designator=R6(RESC2012X06N)
Added Component: Designator=R7(RESC2012X06N)
Added Component: Designator=R8(RESC2012X06N)
Added Pin To Net: NetName=GND Pin=C4-1
Added Pin To Net: NetName=GND Pin=J1-2
Added Pin To Net: NetName=GND Pin=J1-3
Added Pin To Net: NetName=GND Pin=J2-1
Added Pin To Net: NetName=GND Pin=J2-4
Added Pin To Net: NetName=GND Pin=LM4250-4
Added Pin To Net: NetName=GND Pin=R5-2
Added Pin To Net: NetName=GND Pin=R6-1
Added Pin To Net: NetName=GND Pin=R8-2
Added Net: Name=GND
Added Pin To Net: NetName=NetC1_1 Pin=C1-1
Added Pin To Net: NetName=NetC1_1 Pin=J1-1
Added Net: Name=NetC1_1
Added Pin To Net: NetName=NetC1_2 Pin=C1-2
Added Pin To Net: NetName=NetC1_2 Pin=R1-1
Added Net: Name=NetC1_2
Added Pin To Net: NetName=NetC2_1 Pin=C2-1
Added Pin To Net: NetName=NetC2_1 Pin=J1-4
Added Net: Name=NetC2_1
Added Pin To Net: NetName=NetC2_2 Pin=C2-2
Added Pin To Net: NetName=NetC2_2 Pin=R3-1
Added Net: Name=NetC2_2
Added Pin To Net: NetName=NetC3_1 Pin=C3-1
Added Pin To Net: NetName=NetC3_1 Pin=LM4250-6
Added Pin To Net: NetName=NetC3_1 Pin=R2-2
Added Net: Name=NetC3_1
Added Pin To Net: NetName=NetC3_2 Pin=C3-2
Added Pin To Net: NetName=NetC3_2 Pin=R6-2
Added Pin To Net: NetName=NetC3_2 Pin=R7-2
Added Net: Name=NetC3_2
Added Pin To Net: NetName=NetD1_3 Pin=D1-3
Added Pin To Net: NetName=NetD1_3 Pin=R4-2
Added Net: Name=NetD1_3
Added Pin To Net: NetName=NetLM4250_2 Pin=LM4250-2
Added Pin To Net: NetName=NetLM4250_2 Pin=R1-2
Added Pin To Net: NetName=NetLM4250_2 Pin=R2-1
Added Net: Name=NetLM4250_2
Added Pin To Net: NetName=NetLM4250_3 Pin=LM4250-3
Added Pin To Net: NetName=NetLM4250_3 Pin=R3-2
Added Pin To Net: NetName=NetLM4250_3 Pin=R4-1
Added Pin To Net: NetName=NetLM4250_3 Pin=R5-1
Added Net: Name=NetLM4250_3
Added Pin To Net: NetName=NetLM4250_8 Pin=LM4250-8
Added Pin To Net: NetName=NetLM4250_8 Pin=R8-1
Added Net: Name=NetLM4250_8
Added Pin To Net: NetName=OUT Pin=J2-2
Added Pin To Net: NetName=OUT Pin=R7-1
Added Net: Name=OUT
Added Pin To Net: NetName=V+ Pin=C4-2
Added Pin To Net: NetName=V+ Pin=D1-1
Added Pin To Net: NetName=V+ Pin=J2-3
Added Pin To Net: NetName=V+ Pin=LM4250-7
Added Net: Name=V+
Added Class: Name=Preamp
Added Room: Name=Preamp
