Removed Pin From Net: NetName=GND Pin=R8-2
Removed Member From Class: ClassName=Preamp Member=R8
Change Component DesignItemId : Designator=C3 Old DesignItemId=CAP 0805 New DesignItemId=CAP 1uF 0805
Change Component DesignItemId : Designator=R7 Old DesignItemId=RES 0805 New DesignItemId=RES 10K 0805
Change Component DesignItemId : Designator=R1 Old DesignItemId=RES 0805 New DesignItemId=RES 30K 0805
Change Component DesignItemId : Designator=R3 Old DesignItemId=RES 0805 New DesignItemId=RES 30K 0805
Change Component DesignItemId : Designator=R6 Old DesignItemId=RES 0805 New DesignItemId=RES 47K 0805
Change Component Comment : Designator=R2 Old Comment=1M New Comment=150k
Change Component Comment : Designator=C2 Old Comment=1uF New Comment=22n
Change Component Description : Designator=C3 Old Description=CAP 0805 New Description=CAP 1uF 0805
Change Component Description : Designator=R7 Old Description=RES 0805 New Description=RES 10K 0805
Change Component Description : Designator=R1 Old Description=RES 0805 New Description=RES 30K 0805
Change Component Description : Designator=R3 Old Description=RES 0805 New Description=RES 30K 0805
Change Component Description : Designator=R6 Old Description=RES 0805 New Description=RES 47K 0805
Added Component: Designator=J1(SM04B)
Added Component: Designator=J2(SM04B)
Added Component: Designator=U1(SOIC127P600X175-8N)
Added Pin To Net: NetName=NetC1_1 Pin=J1-1
Added Pin To Net: NetName=GND Pin=J1-2
Added Pin To Net: NetName=GND Pin=J1-3
Added Pin To Net: NetName=GND Pin=J2-1
Added Pin To Net: NetName=V+ Pin=J2-3
Added Pin To Net: NetName=NetR1_2 Pin=U1-2
Added Pin To Net: NetName=NetR3_2 Pin=U1-3
Added Pin To Net: NetName=GND Pin=U1-4
Added Pin To Net: NetName=NetC3_1 Pin=U1-6
Added Pin To Net: NetName=V+ Pin=U1-7
Added Pin To Net: NetName=OUT+ Pin=J2-2
Added Pin To Net: NetName=OUT+ Pin=R7-1
Added Net: Name=OUT+
Added Member To Class: ClassName=Preamp Member=Component J1 Input Connector
Added Member To Class: ClassName=Preamp Member=Component J2 Output Connector
Added Member To Class: ClassName=Preamp Member=Component U1 OPA191
Added Room: Name=Preamp
