Added Component: Designator=J5(CONN HEADER R/A 18POS 2.54MM)
Add component. Clean all parameters for all variants
Add component (AddParameter): Name = "Digikey Part Number"; Value = "SAM1041-09-ND"; VariantName = "[No Variations]"
Add component (AddParameter): Name = "Manufacturer"; Value = "Samtec Inc."; VariantName = "[No Variations]"
Added Component: Designator=J6(CONN HEADER R/A 12POS 2.54MM)
Add component. Clean all parameters for all variants
Add component (AddParameter): Name = "Digikey Part Number"; Value = "SAM10343-ND"; VariantName = "[No Variations]"
Add component (AddParameter): Name = "Manufacturer"; Value = "Samtec Inc."; VariantName = "[No Variations]"
Added Pin To Net: NetName=BASS_B Pin=J4-1
Added Pin To Net: NetName=TREB_A Pin=J4-2
Added Pin To Net: NetName=NetC3_1 Pin=J4-3
Added Pin To Net: NetName=TREB_B Pin=J4-4
Added Pin To Net: NetName=NetJ4_5 Pin=J4-5
Added Pin To Net: NetName=VOL_W Pin=J4-6
Added Pin To Net: NetName=VOL_B Pin=J4-7
Added Pin To Net: NetName=BASS_A Pin=J4-13
Added Pin To Net: NetName=BASS_W Pin=J4-14
Added Member To Class: ClassName=Tone_Stack_V2 Member=Component C? 1uF
Added Member To Class: ClassName=Connectors Member=Component J5 CONN HEADER R/A 18POS 2.54MM
Added Member To Class: ClassName=Connectors Member=Component J6 CONN HEADER R/A 12POS 2.54MM
Added Room: Name=Connectors
