Replace Part C1 CAP CER 1uF 0603 in D:\Projects\GuitarPreamp\Tone_Stack_V2\Tone_Stack_V2\Tone_Stack_V2.SchDoc with CAP CER 1uF 0603 from GuitarLibrary.SchLib
Replace Part C2 CAP CER 0.012UF 25V C0G/NP0 0603 in D:\Projects\GuitarPreamp\Tone_Stack_V2\Tone_Stack_V2\Tone_Stack_V2.SchDoc with CAP CER 0.012UF 25V C0G/NP0 0603 from GuitarLibrary.SchLib
Replace Part C3 CAP CER 4700pF 0603 in D:\Projects\GuitarPreamp\Tone_Stack_V2\Tone_Stack_V2\Tone_Stack_V2.SchDoc with CAP CER 4700pF 0603 from GuitarLibrary.SchLib
Replace Part C4 CAP CER 0.1uF 0603 in D:\Projects\GuitarPreamp\Tone_Stack_V2\Tone_Stack_V2\Tone_Stack_V2.SchDoc with CAP CER 0.1uF 0603 from GuitarLibrary.SchLib
Replace Part C5 CAP CER 1uF 0603 in D:\Projects\GuitarPreamp\Tone_Stack_V2\Tone_Stack_V2\Tone_Stack_V2.SchDoc with CAP CER 1uF 0603 from GuitarLibrary.SchLib
Replace Part C6 CAP CER 1uF 0603 in D:\Projects\GuitarPreamp\Tone_Stack_V2\Tone_Stack_V2\Tone_Stack_V2.SchDoc with CAP CER 1uF 0603 from GuitarLibrary.SchLib
Replace Part C7 CAP CER 1uF 0603 in D:\Projects\GuitarPreamp\Tone_Stack_V2\Tone_Stack_V2\Tone_Stack_V2.SchDoc with CAP CER 1uF 0603 from GuitarLibrary.SchLib
Replace Part C8 CAP CER 0.1uF 0603 in D:\Projects\GuitarPreamp\Tone_Stack_V2\Tone_Stack_V2\Tone_Stack_V2.SchDoc with CAP CER 0.1uF 0603 from GuitarLibrary.SchLib
Replace Part C9 CAP CER 0.1uF 0603 in D:\Projects\GuitarPreamp\Tone_Stack_V2\Tone_Stack_V2\Tone_Stack_V2.SchDoc with CAP CER 0.1uF 0603 from GuitarLibrary.SchLib
Replace Part C10 CAP CER 1uF 0603 in D:\Projects\GuitarPreamp\Tone_Stack_V2\Tone_Stack_V2\Tone_Stack_V2.SchDoc with CAP CER 1uF 0603 from GuitarLibrary.SchLib
Replace Part J4 DF12(3.0)-14DS-0.5V(86)-COMPOSITE in D:\Projects\GuitarPreamp\Tone_Stack_V2\Tone_Stack_V2\Tone_Stack_V2.SchDoc with DF12(3.0)-14DS-0.5V(86)-COMPOSITE from GuitarLibrary.SchLib
Replace Part J4 DF12(3.0)-14DS-0.5V(86)-COMPOSITE in D:\Projects\GuitarPreamp\Tone_Stack_V2\Tone_Stack_V2\Tone_Stack_V2.SchDoc with DF12(3.0)-14DS-0.5V(86)-COMPOSITE from GuitarLibrary.SchLib
Replace Part J4 DF12(3.0)-14DS-0.5V(86)-COMPOSITE in D:\Projects\GuitarPreamp\Tone_Stack_V2\Tone_Stack_V2\Tone_Stack_V2.SchDoc with DF12(3.0)-14DS-0.5V(86)-COMPOSITE from GuitarLibrary.SchLib
Replace Part Q1 MOSFET_P_CH_20V_6A_SOT23-3 in D:\Projects\GuitarPreamp\Tone_Stack_V2\Tone_Stack_V2\Tone_Stack_V2.SchDoc with MOSFET_P_CH_20V_6A_SOT23-3 from GuitarLibrary.SchLib
Replace Part R3 RES SMD 10K OHM 1% 1/10W 0603 in D:\Projects\GuitarPreamp\Tone_Stack_V2\Tone_Stack_V2\Tone_Stack_V2.SchDoc with RES SMD 10K OHM 1% 1/10W 0603 from GuitarLibrary.SchLib
Replace Part R6 RES SMD 10K OHM 1% 1/10W 0603 in D:\Projects\GuitarPreamp\Tone_Stack_V2\Tone_Stack_V2\Tone_Stack_V2.SchDoc with RES SMD 10K OHM 1% 1/10W 0603 from GuitarLibrary.SchLib
Replace Part R9 RES SMD 10K OHM 1% 1/10W 0603 in D:\Projects\GuitarPreamp\Tone_Stack_V2\Tone_Stack_V2\Tone_Stack_V2.SchDoc with RES SMD 10K OHM 1% 1/10W 0603 from GuitarLibrary.SchLib
Replace Part U1 OPA2170AIDGKR in D:\Projects\GuitarPreamp\Tone_Stack_V2\Tone_Stack_V2\Tone_Stack_V2.SchDoc with OPA2170AIDGKR from GuitarLibrary.SchLib
Replace Part U1 OPA2170AIDGKR in D:\Projects\GuitarPreamp\Tone_Stack_V2\Tone_Stack_V2\Tone_Stack_V2.SchDoc with OPA2170AIDGKR from GuitarLibrary.SchLib
Replace Part U2 LDK320AM-R in D:\Projects\GuitarPreamp\Tone_Stack_V2\Tone_Stack_V2\Tone_Stack_V2.SchDoc with LDK320AM-R from GuitarLibrary.SchLib
