Removed Pin From Net: NetName=NetC2_2 Pin=J4-7
Removed Pin From Net: NetName=NetC2_1 Pin=J4-8
Removed Pin From Net: NetName=NetC3_1 Pin=J4-10
Removed Pin From Net: NetName=NetJ4_12 Pin=J4-12
Removed Pin From Net: NetName=VREF Pin=J4-14
Removed Pin From Net: NetName=NetJ4_6 Pin=R4-2
Added Pin To Net: NetName=BASS_B Pin=J4-1
Added Pin To Net: NetName=NetC2_1 Pin=J4-1
Added Pin To Net: NetName=TREB_A Pin=J4-2
Added Pin To Net: NetName=NetC3_1 Pin=J4-3
Added Pin To Net: NetName=TREB_W Pin=J4-3
Added Pin To Net: NetName=TREB_B Pin=J4-4
Added Pin To Net: NetName=NetJ4_12 Pin=J4-5
Added Pin To Net: NetName=VOL_A Pin=J4-5
Added Pin To Net: NetName=NetJ4_6 Pin=J4-6
Added Pin To Net: NetName=VOL_B Pin=J4-7
Added Pin To Net: NetName=VREF Pin=J4-7
Added Pin To Net: NetName=BASS_A Pin=J4-13
Added Pin To Net: NetName=NetC2_2 Pin=J4-13
Added Pin To Net: NetName=NetJ4_6 Pin=U1-6
Change Net Name : Old Net Name=BASS_W New Net Name=VOL_W
Change Net Name : Old Net Name=NetJ4_12 New Net Name=NetJ4_5
Added Pin To Net: NetName=BASS_W Pin=J4-14
Added Net: Name=BASS_W
Added Pin To Net: NetName=NetJ4_2 Pin=J4-2
Added Pin To Net: NetName=NetJ4_2 Pin=R3-2
Added Net: Name=NetJ4_2
Added Pin To Net: NetName=NetJ4_4 Pin=J4-4
Added Pin To Net: NetName=NetJ4_4 Pin=R6-1
Added Net: Name=NetJ4_4
Added Pin To Net: NetName=NetJ4_14 Pin=J4-14
Added Pin To Net: NetName=NetJ4_14 Pin=R4-2
Added Net: Name=NetJ4_14
Added Member To Class: ClassName=Tone_Stack_V2 Member=Component C? 1uF
Added Room: Name=Connectors
