Removed Pin From Net: NetName=NECK_SW_OUT Pin=J3-1
Removed Pin From Net: NetName=NECK_SW_IN1 Pin=J3-2
Removed Pin From Net: NetName=NECK_SW_IN2 Pin=J3-3
Removed Pin From Net: NetName=BRDG_SW_OUT Pin=J3-5
Removed Pin From Net: NetName=BRDG_SW_IN1 Pin=J3-6
Removed Pin From Net: NetName=BRDG_SW_IN2 Pin=J3-7
Removed Pin From Net: NetName=BRDG_PUP_OUT Pin=J3-8
Removed Pin From Net: NetName=NECK_PUP_OUT Pin=J3-14
Added Pin To Net: NetName=BRDG_SW_OUT Pin=J3-1
Added Pin To Net: NetName=BRDG_SW_IN1 Pin=J3-2
Added Pin To Net: NetName=BRDG_SW_IN2 Pin=J3-3
Added Pin To Net: NetName=NECK_SW_IN2 Pin=J3-5
Added Pin To Net: NetName=NECK_SW_IN1 Pin=J3-6
Added Pin To Net: NetName=NECK_SW_OUT Pin=J3-7
Added Pin To Net: NetName=NECK_PUP_OUT Pin=J3-8
Added Pin To Net: NetName=BRDG_PUP_OUT Pin=J3-14
Added Pin To Net: NetName=BASS_W Pin=J4-6
Added Pin To Net: NetName=NetC2_2 Pin=J4-7
Added Pin To Net: NetName=NetC2_1 Pin=J4-8
Added Pin To Net: NetName=NetJ4_9 Pin=J4-9
Added Pin To Net: NetName=NetC3_1 Pin=J4-10
Added Pin To Net: NetName=NetJ4_11 Pin=J4-11
Added Pin To Net: NetName=NetJ4_12 Pin=J4-12
Added Pin To Net: NetName=NetJ4_13 Pin=J4-13
Added Pin To Net: NetName=VREF Pin=J4-14
Added Member To Class: ClassName=Tone_Stack_V2 Member=Component C? 1uF
